<?xml version="1.0" encoding="UTF-8"?>
<testng-results ignored="0" total="2" passed="2" failed="0" skipped="0">
  <reporter-output>
  </reporter-output>
  <suite started-at="2022-03-20T10:51:09 IST" name="Suite" finished-at="2022-03-20T10:51:17 IST" duration-ms="8099">
    <groups>
    </groups>
    <test started-at="2022-03-20T10:51:09 IST" name="Test" finished-at="2022-03-20T10:51:15 IST" duration-ms="6058">
      <class name="appServices.ControPanel">
        <test-method is-config="true" signature="startLogin()[pri:0, instance:appServices.ControPanel@6fe7aac8]" started-at="2022-03-20T10:51:09 IST" name="startLogin" finished-at="2022-03-20T10:51:13 IST" duration-ms="4593" status="PASS">
          <reporter-output>
          </reporter-output>
        </test-method> <!-- startLogin -->
        <test-method is-config="true" signature="init()[pri:0, instance:appServices.ControPanel@6fe7aac8]" started-at="2022-03-20T10:51:13 IST" name="init" finished-at="2022-03-20T10:51:13 IST" depends-on-methods="appBase.AppBaseClass.startLogin" duration-ms="0" status="PASS">
          <reporter-output>
          </reporter-output>
        </test-method> <!-- init -->
        <test-method signature="verify_controlPanel()[pri:0, instance:appServices.ControPanel@6fe7aac8]" started-at="2022-03-20T10:51:14 IST" name="verify_controlPanel" finished-at="2022-03-20T10:51:15 IST" duration-ms="1369" status="PASS">
          <reporter-output>
          </reporter-output>
        </test-method> <!-- verify_controlPanel -->
        <test-method is-config="true" signature="onTestFailure(org.testng.ITestResult)[pri:0, instance:appServices.ControPanel@6fe7aac8]" started-at="2022-03-20T10:51:15 IST" name="onTestFailure" finished-at="2022-03-20T10:51:15 IST" duration-ms="3" status="PASS">
          <params>
            <param index="0">
              <value>
                <![CDATA[[TestResult name=verify_controlPanel status=SUCCESS method=ControPanel.verify_controlPanel()[pri:0, instance:appServices.ControPanel@6fe7aac8] output={null}]]]>
              </value>
            </param>
          </params>
          <reporter-output>
          </reporter-output>
        </test-method> <!-- onTestFailure -->
        <test-method is-config="true" signature="onTestSuccess(org.testng.ITestResult)[pri:0, instance:appServices.ControPanel@6fe7aac8]" started-at="2022-03-20T10:51:15 IST" name="onTestSuccess" finished-at="2022-03-20T10:51:15 IST" duration-ms="2" status="PASS">
          <params>
            <param index="0">
              <value>
                <![CDATA[[TestResult name=verify_controlPanel status=SUCCESS method=ControPanel.verify_controlPanel()[pri:0, instance:appServices.ControPanel@6fe7aac8] output={null}]]]>
              </value>
            </param>
          </params>
          <reporter-output>
          </reporter-output>
        </test-method> <!-- onTestSuccess -->
      </class> <!-- appServices.ControPanel -->
    </test> <!-- Test -->
    <test started-at="2022-03-20T10:51:15 IST" name="Test1" finished-at="2022-03-20T10:51:17 IST" duration-ms="1912">
      <class name="appServices.AddMailTest">
        <test-method is-config="true" signature="init()[pri:0, instance:appServices.AddMailTest@30ee2816]" started-at="2022-03-20T10:51:15 IST" name="init" finished-at="2022-03-20T10:51:15 IST" duration-ms="0" status="PASS">
          <reporter-output>
          </reporter-output>
        </test-method> <!-- init -->
        <test-method signature="user_verify_add_mail_id()[pri:1, instance:appServices.AddMailTest@30ee2816]" started-at="2022-03-20T10:51:15 IST" name="user_verify_add_mail_id" finished-at="2022-03-20T10:51:17 IST" duration-ms="1908" status="PASS">
          <reporter-output>
          </reporter-output>
        </test-method> <!-- user_verify_add_mail_id -->
      </class> <!-- appServices.AddMailTest -->
      <class name="appServices.ControPanel">
        <test-method is-config="true" signature="setupSuite()[pri:0, instance:appServices.ControPanel@6fe7aac8]" started-at="2022-03-20T10:51:02 IST" name="setupSuite" finished-at="2022-03-20T10:51:09 IST" duration-ms="6882" status="PASS">
          <reporter-output>
          </reporter-output>
        </test-method> <!-- setupSuite -->
      </class> <!-- appServices.ControPanel -->
    </test> <!-- Test1 -->
  </suite> <!-- Suite -->
</testng-results>
